<?xml version="1.0" encoding="UTF-8"?>
<testng-results skipped="0" failed="0" ignored="0" total="3" passed="3">
  <reporter-output>
  </reporter-output>
  <suite name="Default suite" duration-ms="88683" started-at="2019-06-20T13:56:10Z" finished-at="2019-06-20T13:57:39Z">
    <groups>
    </groups>
    <test name="Default test" duration-ms="88683" started-at="2019-06-20T13:56:10Z" finished-at="2019-06-20T13:57:39Z">
      <class name="com.matraex.Deeptruth.Android.DeepTruthAndroid.VideoRecordingScreen.MediaList">
        <test-method status="PASS" signature="setup()[pri:0, instance:com.matraex.Deeptruth.Android.DeepTruthAndroid.VideoRecordingScreen.MediaList@5891e32e]" name="setup" is-config="true" duration-ms="21038" started-at="2019-06-20T13:56:10Z" finished-at="2019-06-20T13:56:31Z">
          <reporter-output>
          </reporter-output>
        </test-method> <!-- setup -->
        <test-method status="PASS" signature="splashActivityScreeen()[pri:0, instance:com.matraex.Deeptruth.Android.DeepTruthAndroid.VideoRecordingScreen.MediaList@5891e32e]" name="splashActivityScreeen" duration-ms="33567" started-at="2019-06-20T13:56:31Z" finished-at="2019-06-20T13:57:05Z">
          <reporter-output>
          </reporter-output>
        </test-method> <!-- splashActivityScreeen -->
        <test-method status="PASS" signature="videoRecord()[pri:1, instance:com.matraex.Deeptruth.Android.DeepTruthAndroid.VideoRecordingScreen.MediaList@5891e32e]" name="videoRecord" duration-ms="17757" started-at="2019-06-20T13:57:05Z" finished-at="2019-06-20T13:57:22Z">
          <reporter-output>
          </reporter-output>
        </test-method> <!-- videoRecord -->
        <test-method status="PASS" signature="medialistAllMedia()[pri:2, instance:com.matraex.Deeptruth.Android.DeepTruthAndroid.VideoRecordingScreen.MediaList@5891e32e]" name="medialistAllMedia" duration-ms="16302" started-at="2019-06-20T13:57:22Z" finished-at="2019-06-20T13:57:39Z">
          <reporter-output>
          </reporter-output>
        </test-method> <!-- medialistAllMedia -->
        <test-method status="PASS" signature="close()[pri:0, instance:com.matraex.Deeptruth.Android.DeepTruthAndroid.VideoRecordingScreen.MediaList@5891e32e]" name="close" is-config="true" duration-ms="0" started-at="2019-06-20T13:57:39Z" finished-at="2019-06-20T13:57:39Z">
          <reporter-output>
          </reporter-output>
        </test-method> <!-- close -->
      </class> <!-- com.matraex.Deeptruth.Android.DeepTruthAndroid.VideoRecordingScreen.MediaList -->
    </test> <!-- Default test -->
  </suite> <!-- Default suite -->
</testng-results>
