<?xml version="1.0" encoding="UTF-8"?>
<!-- Generated by org.testng.reporters.JUnitXMLReporter -->
<testsuite hostname="mataraex-System-Product-Name" ignored="0" name="Default test" tests="3" failures="0" timestamp="20 Jun 2019 13:57:39 GMT" time="88.683" errors="0">
  <testcase name="splashActivityScreeen" time="33.567" classname="com.matraex.Deeptruth.Android.DeepTruthAndroid.IntroScreen.IntroScreen"/>
  <testcase name="videoRecord" time="17.757" classname="com.matraex.Deeptruth.Android.DeepTruthAndroid.VideoRecordingScreen.VideoRecording"/>
  <testcase name="medialistAllMedia" time="16.302" classname="com.matraex.Deeptruth.Android.DeepTruthAndroid.VideoRecordingScreen.MediaList"/>
</testsuite> <!-- Default test -->
